<?xml version="1.0" encoding="UTF-8"?>
<!-- Generated by org.testng.reporters.JUnitReportReporter -->
<testsuite skipped="0" hostname="DESKTOP-7JLBFOT" name="com.app.demo.runner.TestRunner" tests="1" failures="0" timestamp="31 May 2021 02:52:13 GMT" time="54.104" errors="0">
  <testcase name="runScenario" time="54.104" classname="com.app.demo.runner.TestRunner"/>
</testsuite> <!-- com.app.demo.runner.TestRunner -->
