<?xml version="1.0" encoding="UTF-8"?>
<!-- Generated by org.testng.reporters.JUnitReportReporter -->
<testsuite skipped="0" hostname="DESKTOP-7JLBFOT" name="runner.TestRunner" tests="2" failures="0" timestamp="29 May 2021 15:29:59 GMT" time="12.132" errors="0">
  <testcase name="runScenario" time="7.822" classname="runner.TestRunner"/>
  <testcase name="runScenario" time="4.310" classname="runner.TestRunner"/>
</testsuite> <!-- runner.TestRunner -->
